Start testing: Jul 27 22:15 New Zealand Standard Time
----------------------------------------------------------
30/30 Testing: test_adc.test_adc_poll_triggers_adc
30/30 Test: test_adc.test_adc_poll_triggers_adc
Command: "C:/Users/fatga/Documents/fitness_git/Group25/tests/build/test_adc.exe" "-t" "test_adc_poll_triggers_adc"
Directory: C:/Users/fatga/Documents/fitness_git/Group25/tests/build
"test_adc.test_adc_poll_triggers_adc" start time: Jul 27 22:15 New Zealand Standard Time
Output:
----------------------------------------------------------
test_adc.c:165:test_adc_poll_triggers_adc:PASS

-----------------------
1 Tests 0 Failures 0 Ignored 
OK
<end of output>
Test time =   0.01 sec
----------------------------------------------------------
Test Passed.
"test_adc.test_adc_poll_triggers_adc" end time: Jul 27 22:15 New Zealand Standard Time
"test_adc.test_adc_poll_triggers_adc" time elapsed: 00:00:00
----------------------------------------------------------

End testing: Jul 27 22:15 New Zealand Standard Time
