Start testing: Aug 05 11:59 New Zealand Standard Time
----------------------------------------------------------
31/32 Testing: test_adc.test_adc_int_handler
31/32 Test: test_adc.test_adc_int_handler
Command: "C:/Users/fatga/Documents/fitness_git/Group25/tests/build/test_adc.exe" "-t" "test_adc_int_handler"
Directory: C:/Users/fatga/Documents/fitness_git/Group25/tests/build
"test_adc.test_adc_int_handler" start time: Aug 05 11:59 New Zealand Standard Time
Output:
----------------------------------------------------------
test_adc.c:177:test_adc_int_handler:PASS

-----------------------
1 Tests 0 Failures 0 Ignored 
OK
<end of output>
Test time =   0.01 sec
----------------------------------------------------------
Test Passed.
"test_adc.test_adc_int_handler" end time: Aug 05 11:59 New Zealand Standard Time
"test_adc.test_adc_int_handler" time elapsed: 00:00:00
----------------------------------------------------------

End testing: Aug 05 11:59 New Zealand Standard Time
