<?xml version="1.0" encoding="UTF-8"?>
<Site BuildName="(empty)"
	BuildStamp="20240722-0007-Experimental"
	Name="(empty)"
	Generator="ctest-3.30.1"
	CompilerName=""
	CompilerVersion=""
	OSName="Windows"
	Hostname="LAPTOP-JF8C9SEL"
	OSRelease=" Personal"
	OSVersion=" (Build 22631)"
	OSPlatform="AMD64"
	Is64Bits="1"
	VendorString="AuthenticAMD"
	VendorID="Advanced Micro Devices"
	FamilyID="15"
	ModelID="0"
	ProcessorCacheSize="64"
	NumberOfLogicalCPU="16"
	NumberOfPhysicalCPU="8"
	TotalVirtualMemory="50607"
	TotalPhysicalMemory="15791"
	LogicalProcessorsPerPhysical="2"
	ProcessorClockFrequency="2894"
	>
	<Testing>
		<StartDateTime>Jul 22 12:21 New Zealand Standard Time</StartDateTime>
		<StartTestTime>1721607700</StartTestTime>
		<TestList>
			<Test>./test_circular_buffer.test_capacity_higher_than_max_invalid</Test>
		</TestList>
		<Test Status="passed">
			<Name>test_circular_buffer.test_capacity_higher_than_max_invalid</Name>
			<Path>.</Path>
			<FullName>./test_circular_buffer.test_capacity_higher_than_max_invalid</FullName>
			<FullCommandLine>C:\Users\fatga\Documents\fitness_git\Group25\tests\build\test_circular_buffer.exe "-t" "test_capacity_higher_than_max_invalid"</FullCommandLine>
			<Results>
				<NamedMeasurement type="numeric/double" name="Execution Time">
					<Value>0.0098604</Value>
				</NamedMeasurement>
				<NamedMeasurement type="numeric/double" name="Processors">
					<Value>1</Value>
				</NamedMeasurement>
				<NamedMeasurement type="text/string" name="Completion Status">
					<Value>Completed</Value>
				</NamedMeasurement>
				<NamedMeasurement type="text/string" name="Command Line">
					<Value>C:\Users\fatga\Documents\fitness_git\Group25\tests\build\test_circular_buffer.exe "-t" "test_capacity_higher_than_max_invalid"</Value>
				</NamedMeasurement>
				<NamedMeasurement type="text/string" name="Environment">
					<Value>#CTEST_RESOURCE_GROUP_COUNT=</Value>
				</NamedMeasurement>
				<Measurement>
					<Value>test_circular_buffer.c:157:test_capacity_higher_than_max_invalid:IGNORE

-----------------------
1 Tests 0 Failures 1 Ignored 
OK
</Value>
				</Measurement>
			</Results>
		</Test>
		<EndDateTime>Jul 22 12:21 New Zealand Standard Time</EndDateTime>
		<EndTestTime>1721607700</EndTestTime>
		<ElapsedMinutes>0</ElapsedMinutes>
	</Testing>
</Site>
